[2021-12-26 03:15:26] local.ERROR: Please provide a valid cache path. {"exception":"[object] (InvalidArgumentException(code: 0): Please provide a valid cache path. at C:\\laragon\\www\\ecommerce_full\\vendor\\laravel\\framework\\src\\Illuminate\\View\\Compilers\\Compiler.php:36)
[stacktrace]
#0 C:\\laragon\\www\\ecommerce_full\\vendor\\laravel\\framework\\src\\Illuminate\\View\\ViewServiceProvider.php(91): Illuminate\\View\\Compilers\\Compiler->__construct(Object(Illuminate\\Filesystem\\Filesystem), false)
#1 C:\\laragon\\www\\ecommerce_full\\vendor\\laravel\\framework\\src\\Illuminate\\Container\\Container.php(801): Illuminate\\View\\ViewServiceProvider->Illuminate\\View\\{closure}(Object(Illuminate\\Foundation\\Application), Array)
#2 C:\\laragon\\www\\ecommerce_full\\vendor\\laravel\\framework\\src\\Illuminate\\Container\\Container.php(687): Illuminate\\Container\\Container->build(Object(Closure))
#3 C:\\laragon\\www\\ecommerce_full\\vendor\\laravel\\framework\\src\\Illuminate\\Foundation\\Application.php(796): Illuminate\\Container\\Container->resolve('blade.compiler', Array, true)
#4 C:\\laragon\\www\\ecommerce_full\\vendor\\laravel\\framework\\src\\Illuminate\\Container\\Container.php(633): Illuminate\\Foundation\\Application->resolve('blade.compiler', Array)
#5 C:\\laragon\\www\\ecommerce_full\\vendor\\laravel\\framework\\src\\Illuminate\\Foundation\\Application.php(781): Illuminate\\Container\\Container->make('blade.compiler', Array)
#6 C:\\laragon\\www\\ecommerce_full\\vendor\\laravel\\framework\\src\\Illuminate\\Container\\Container.php(1280): Illuminate\\Foundation\\Application->make('blade.compiler')
#7 C:\\laragon\\www\\ecommerce_full\\vendor\\laravel\\framework\\src\\Illuminate\\View\\ViewServiceProvider.php(151): Illuminate\\Container\\Container->offsetGet('blade.compiler')
#8 [internal function]: Illuminate\\View\\ViewServiceProvider->Illuminate\\View\\{closure}()
#9 C:\\laragon\\www\\ecommerce_full\\vendor\\laravel\\framework\\src\\Illuminate\\View\\Engines\\EngineResolver.php(55): call_user_func(Object(Closure))
#10 C:\\laragon\\www\\ecommerce_full\\vendor\\facade\\ignition\\src\\IgnitionServiceProvider.php(378): Illuminate\\View\\Engines\\EngineResolver->resolve('blade')
#11 C:\\laragon\\www\\ecommerce_full\\vendor\\facade\\ignition\\src\\IgnitionServiceProvider.php(117): Facade\\Ignition\\IgnitionServiceProvider->hasCustomViewEnginesRegistered()
#12 C:\\laragon\\www\\ecommerce_full\\vendor\\facade\\ignition\\src\\IgnitionServiceProvider.php(79): Facade\\Ignition\\IgnitionServiceProvider->registerViewEngines()
#13 [internal function]: Facade\\Ignition\\IgnitionServiceProvider->boot()
#14 C:\\laragon\\www\\ecommerce_full\\vendor\\laravel\\framework\\src\\Illuminate\\Container\\BoundMethod.php(33): call_user_func_array(Array, Array)
#15 C:\\laragon\\www\\ecommerce_full\\vendor\\laravel\\framework\\src\\Illuminate\\Container\\Util.php(36): Illuminate\\Container\\BoundMethod::Illuminate\\Container\\{closure}()
#16 C:\\laragon\\www\\ecommerce_full\\vendor\\laravel\\framework\\src\\Illuminate\\Container\\BoundMethod.php(91): Illuminate\\Container\\Util::unwrapIfClosure(Object(Closure))
#17 C:\\laragon\\www\\ecommerce_full\\vendor\\laravel\\framework\\src\\Illuminate\\Container\\BoundMethod.php(35): Illuminate\\Container\\BoundMethod::callBoundMethod(Object(Illuminate\\Foundation\\Application), Array, Object(Closure))
#18 C:\\laragon\\www\\ecommerce_full\\vendor\\laravel\\framework\\src\\Illuminate\\Container\\Container.php(592): Illuminate\\Container\\BoundMethod::call(Object(Illuminate\\Foundation\\Application), Array, Array, NULL)
#19 C:\\laragon\\www\\ecommerce_full\\vendor\\laravel\\framework\\src\\Illuminate\\Foundation\\Application.php(867): Illuminate\\Container\\Container->call(Array)
#20 C:\\laragon\\www\\ecommerce_full\\vendor\\laravel\\framework\\src\\Illuminate\\Foundation\\Application.php(850): Illuminate\\Foundation\\Application->bootProvider(Object(Facade\\Ignition\\IgnitionServiceProvider))
#21 [internal function]: Illuminate\\Foundation\\Application->Illuminate\\Foundation\\{closure}(Object(Facade\\Ignition\\IgnitionServiceProvider), 20)
#22 C:\\laragon\\www\\ecommerce_full\\vendor\\laravel\\framework\\src\\Illuminate\\Foundation\\Application.php(851): array_walk(Array, Object(Closure))
#23 C:\\laragon\\www\\ecommerce_full\\vendor\\laravel\\framework\\src\\Illuminate\\Foundation\\Bootstrap\\BootProviders.php(17): Illuminate\\Foundation\\Application->boot()
#24 C:\\laragon\\www\\ecommerce_full\\vendor\\laravel\\framework\\src\\Illuminate\\Foundation\\Application.php(230): Illuminate\\Foundation\\Bootstrap\\BootProviders->bootstrap(Object(Illuminate\\Foundation\\Application))
#25 C:\\laragon\\www\\ecommerce_full\\vendor\\laravel\\framework\\src\\Illuminate\\Foundation\\Http\\Kernel.php(151): Illuminate\\Foundation\\Application->bootstrapWith(Array)
#26 C:\\laragon\\www\\ecommerce_full\\vendor\\laravel\\framework\\src\\Illuminate\\Foundation\\Http\\Kernel.php(135): Illuminate\\Foundation\\Http\\Kernel->bootstrap()
#27 C:\\laragon\\www\\ecommerce_full\\vendor\\laravel\\framework\\src\\Illuminate\\Foundation\\Http\\Kernel.php(109): Illuminate\\Foundation\\Http\\Kernel->sendRequestThroughRouter(Object(Illuminate\\Http\\Request))
#28 C:\\laragon\\www\\ecommerce_full\\public\\index.php(55): Illuminate\\Foundation\\Http\\Kernel->handle(Object(Illuminate\\Http\\Request))
#29 {main}
"} 
[2021-12-26 03:15:26] local.ERROR: Please provide a valid cache path. {"exception":"[object] (InvalidArgumentException(code: 0): Please provide a valid cache path. at C:\\laragon\\www\\ecommerce_full\\vendor\\laravel\\framework\\src\\Illuminate\\View\\Compilers\\Compiler.php:36)
[stacktrace]
#0 C:\\laragon\\www\\ecommerce_full\\vendor\\laravel\\framework\\src\\Illuminate\\View\\ViewServiceProvider.php(91): Illuminate\\View\\Compilers\\Compiler->__construct(Object(Illuminate\\Filesystem\\Filesystem), false)
#1 C:\\laragon\\www\\ecommerce_full\\vendor\\laravel\\framework\\src\\Illuminate\\Container\\Container.php(801): Illuminate\\View\\ViewServiceProvider->Illuminate\\View\\{closure}(Object(Illuminate\\Foundation\\Application), Array)
#2 C:\\laragon\\www\\ecommerce_full\\vendor\\laravel\\framework\\src\\Illuminate\\Container\\Container.php(687): Illuminate\\Container\\Container->build(Object(Closure))
#3 C:\\laragon\\www\\ecommerce_full\\vendor\\laravel\\framework\\src\\Illuminate\\Foundation\\Application.php(796): Illuminate\\Container\\Container->resolve('blade.compiler', Array, true)
#4 C:\\laragon\\www\\ecommerce_full\\vendor\\laravel\\framework\\src\\Illuminate\\Container\\Container.php(633): Illuminate\\Foundation\\Application->resolve('blade.compiler', Array)
#5 C:\\laragon\\www\\ecommerce_full\\vendor\\laravel\\framework\\src\\Illuminate\\Foundation\\Application.php(781): Illuminate\\Container\\Container->make('blade.compiler', Array)
#6 C:\\laragon\\www\\ecommerce_full\\vendor\\laravel\\framework\\src\\Illuminate\\Container\\Container.php(1280): Illuminate\\Foundation\\Application->make('blade.compiler')
#7 C:\\laragon\\www\\ecommerce_full\\vendor\\laravel\\framework\\src\\Illuminate\\View\\ViewServiceProvider.php(151): Illuminate\\Container\\Container->offsetGet('blade.compiler')
#8 [internal function]: Illuminate\\View\\ViewServiceProvider->Illuminate\\View\\{closure}()
#9 C:\\laragon\\www\\ecommerce_full\\vendor\\laravel\\framework\\src\\Illuminate\\View\\Engines\\EngineResolver.php(55): call_user_func(Object(Closure))
#10 C:\\laragon\\www\\ecommerce_full\\vendor\\laravel\\framework\\src\\Illuminate\\View\\Factory.php(289): Illuminate\\View\\Engines\\EngineResolver->resolve('blade')
#11 C:\\laragon\\www\\ecommerce_full\\vendor\\laravel\\framework\\src\\Illuminate\\View\\Factory.php(253): Illuminate\\View\\Factory->getEngineFromPath('C:\\\\laragon\\\\www\\\\...')
#12 C:\\laragon\\www\\ecommerce_full\\vendor\\laravel\\framework\\src\\Illuminate\\View\\Factory.php(139): Illuminate\\View\\Factory->viewInstance('errors::500', 'C:\\\\laragon\\\\www\\\\...', Array)
#13 C:\\laragon\\www\\ecommerce_full\\vendor\\laravel\\framework\\src\\Illuminate\\Routing\\ResponseFactory.php(85): Illuminate\\View\\Factory->make('errors::500', Array)
#14 C:\\laragon\\www\\ecommerce_full\\vendor\\laravel\\framework\\src\\Illuminate\\Foundation\\Exceptions\\Handler.php(408): Illuminate\\Routing\\ResponseFactory->view('errors::500', Array, 500, Array)
#15 C:\\laragon\\www\\ecommerce_full\\vendor\\laravel\\framework\\src\\Illuminate\\Foundation\\Exceptions\\Handler.php(313): Illuminate\\Foundation\\Exceptions\\Handler->renderHttpException(Object(Symfony\\Component\\HttpKernel\\Exception\\HttpException))
#16 C:\\laragon\\www\\ecommerce_full\\vendor\\laravel\\framework\\src\\Illuminate\\Foundation\\Exceptions\\Handler.php(210): Illuminate\\Foundation\\Exceptions\\Handler->prepareResponse(Object(Illuminate\\Http\\Request), Object(Symfony\\Component\\HttpKernel\\Exception\\HttpException))
#17 C:\\laragon\\www\\ecommerce_full\\app\\Exceptions\\Handler.php(75): Illuminate\\Foundation\\Exceptions\\Handler->render(Object(Illuminate\\Http\\Request), Object(InvalidArgumentException))
#18 C:\\laragon\\www\\ecommerce_full\\vendor\\laravel\\framework\\src\\Illuminate\\Foundation\\Http\\Kernel.php(415): FleetCart\\Exceptions\\Handler->render(Object(Illuminate\\Http\\Request), Object(InvalidArgumentException))
#19 C:\\laragon\\www\\ecommerce_full\\vendor\\laravel\\framework\\src\\Illuminate\\Foundation\\Http\\Kernel.php(113): Illuminate\\Foundation\\Http\\Kernel->renderException(Object(Illuminate\\Http\\Request), Object(InvalidArgumentException))
#20 C:\\laragon\\www\\ecommerce_full\\public\\index.php(55): Illuminate\\Foundation\\Http\\Kernel->handle(Object(Illuminate\\Http\\Request))
#21 {main}
"} 
[2021-12-26 03:15:26] local.ERROR: Uncaught InvalidArgumentException: Please provide a valid cache path. in C:\laragon\www\ecommerce_full\vendor\laravel\framework\src\Illuminate\View\Compilers\Compiler.php:36
Stack trace:
#0 C:\laragon\www\ecommerce_full\vendor\laravel\framework\src\Illuminate\View\ViewServiceProvider.php(91): Illuminate\View\Compilers\Compiler->__construct(Object(Illuminate\Filesystem\Filesystem), false)
#1 C:\laragon\www\ecommerce_full\vendor\laravel\framework\src\Illuminate\Container\Container.php(801): Illuminate\View\ViewServiceProvider->Illuminate\View\{closure}(Object(Illuminate\Foundation\Application), Array)
#2 C:\laragon\www\ecommerce_full\vendor\laravel\framework\src\Illuminate\Container\Container.php(687): Illuminate\Container\Container->build(Object(Closure))
#3 C:\laragon\www\ecommerce_full\vendor\laravel\framework\src\Illuminate\Foundation\Application.php(796): Illuminate\Container\Container->resolve('blade.compiler', Array, true)
#4 C:\laragon\www\ecommerce_full\vendor\laravel\framework\src\Illuminate\Container {"exception":"[object] (Symfony\\Component\\ErrorHandler\\Error\\FatalError(code: 0): Uncaught InvalidArgumentException: Please provide a valid cache path. in C:\\laragon\\www\\ecommerce_full\\vendor\\laravel\\framework\\src\\Illuminate\\View\\Compilers\\Compiler.php:36
Stack trace:
#0 C:\\laragon\\www\\ecommerce_full\\vendor\\laravel\\framework\\src\\Illuminate\\View\\ViewServiceProvider.php(91): Illuminate\\View\\Compilers\\Compiler->__construct(Object(Illuminate\\Filesystem\\Filesystem), false)
#1 C:\\laragon\\www\\ecommerce_full\\vendor\\laravel\\framework\\src\\Illuminate\\Container\\Container.php(801): Illuminate\\View\\ViewServiceProvider->Illuminate\\View\\{closure}(Object(Illuminate\\Foundation\\Application), Array)
#2 C:\\laragon\\www\\ecommerce_full\\vendor\\laravel\\framework\\src\\Illuminate\\Container\\Container.php(687): Illuminate\\Container\\Container->build(Object(Closure))
#3 C:\\laragon\\www\\ecommerce_full\\vendor\\laravel\\framework\\src\\Illuminate\\Foundation\\Application.php(796): Illuminate\\Container\\Container->resolve('blade.compiler', Array, true)
#4 C:\\laragon\\www\\ecommerce_full\\vendor\\laravel\\framework\\src\\Illuminate\\Container at C:\\laragon\\www\\ecommerce_full\\vendor\\laravel\\framework\\src\\Illuminate\\View\\Compilers\\Compiler.php:36)
[stacktrace]
#0 {main}
"} 
[2021-12-26 03:16:14] local.ERROR: Please provide a valid cache path. {"exception":"[object] (InvalidArgumentException(code: 0): Please provide a valid cache path. at C:\\laragon\\www\\ecommerce_full\\vendor\\laravel\\framework\\src\\Illuminate\\View\\Compilers\\Compiler.php:36)
[stacktrace]
#0 C:\\laragon\\www\\ecommerce_full\\vendor\\laravel\\framework\\src\\Illuminate\\View\\ViewServiceProvider.php(91): Illuminate\\View\\Compilers\\Compiler->__construct(Object(Illuminate\\Filesystem\\Filesystem), false)
#1 C:\\laragon\\www\\ecommerce_full\\vendor\\laravel\\framework\\src\\Illuminate\\Container\\Container.php(801): Illuminate\\View\\ViewServiceProvider->Illuminate\\View\\{closure}(Object(Illuminate\\Foundation\\Application), Array)
#2 C:\\laragon\\www\\ecommerce_full\\vendor\\laravel\\framework\\src\\Illuminate\\Container\\Container.php(687): Illuminate\\Container\\Container->build(Object(Closure))
#3 C:\\laragon\\www\\ecommerce_full\\vendor\\laravel\\framework\\src\\Illuminate\\Foundation\\Application.php(796): Illuminate\\Container\\Container->resolve('blade.compiler', Array, true)
#4 C:\\laragon\\www\\ecommerce_full\\vendor\\laravel\\framework\\src\\Illuminate\\Container\\Container.php(633): Illuminate\\Foundation\\Application->resolve('blade.compiler', Array)
#5 C:\\laragon\\www\\ecommerce_full\\vendor\\laravel\\framework\\src\\Illuminate\\Foundation\\Application.php(781): Illuminate\\Container\\Container->make('blade.compiler', Array)
#6 C:\\laragon\\www\\ecommerce_full\\vendor\\laravel\\framework\\src\\Illuminate\\Container\\Container.php(1280): Illuminate\\Foundation\\Application->make('blade.compiler')
#7 C:\\laragon\\www\\ecommerce_full\\vendor\\laravel\\framework\\src\\Illuminate\\View\\ViewServiceProvider.php(151): Illuminate\\Container\\Container->offsetGet('blade.compiler')
#8 [internal function]: Illuminate\\View\\ViewServiceProvider->Illuminate\\View\\{closure}()
#9 C:\\laragon\\www\\ecommerce_full\\vendor\\laravel\\framework\\src\\Illuminate\\View\\Engines\\EngineResolver.php(55): call_user_func(Object(Closure))
#10 C:\\laragon\\www\\ecommerce_full\\vendor\\facade\\ignition\\src\\IgnitionServiceProvider.php(378): Illuminate\\View\\Engines\\EngineResolver->resolve('blade')
#11 C:\\laragon\\www\\ecommerce_full\\vendor\\facade\\ignition\\src\\IgnitionServiceProvider.php(117): Facade\\Ignition\\IgnitionServiceProvider->hasCustomViewEnginesRegistered()
#12 C:\\laragon\\www\\ecommerce_full\\vendor\\facade\\ignition\\src\\IgnitionServiceProvider.php(79): Facade\\Ignition\\IgnitionServiceProvider->registerViewEngines()
#13 [internal function]: Facade\\Ignition\\IgnitionServiceProvider->boot()
#14 C:\\laragon\\www\\ecommerce_full\\vendor\\laravel\\framework\\src\\Illuminate\\Container\\BoundMethod.php(33): call_user_func_array(Array, Array)
#15 C:\\laragon\\www\\ecommerce_full\\vendor\\laravel\\framework\\src\\Illuminate\\Container\\Util.php(36): Illuminate\\Container\\BoundMethod::Illuminate\\Container\\{closure}()
#16 C:\\laragon\\www\\ecommerce_full\\vendor\\laravel\\framework\\src\\Illuminate\\Container\\BoundMethod.php(91): Illuminate\\Container\\Util::unwrapIfClosure(Object(Closure))
#17 C:\\laragon\\www\\ecommerce_full\\vendor\\laravel\\framework\\src\\Illuminate\\Container\\BoundMethod.php(35): Illuminate\\Container\\BoundMethod::callBoundMethod(Object(Illuminate\\Foundation\\Application), Array, Object(Closure))
#18 C:\\laragon\\www\\ecommerce_full\\vendor\\laravel\\framework\\src\\Illuminate\\Container\\Container.php(592): Illuminate\\Container\\BoundMethod::call(Object(Illuminate\\Foundation\\Application), Array, Array, NULL)
#19 C:\\laragon\\www\\ecommerce_full\\vendor\\laravel\\framework\\src\\Illuminate\\Foundation\\Application.php(867): Illuminate\\Container\\Container->call(Array)
#20 C:\\laragon\\www\\ecommerce_full\\vendor\\laravel\\framework\\src\\Illuminate\\Foundation\\Application.php(850): Illuminate\\Foundation\\Application->bootProvider(Object(Facade\\Ignition\\IgnitionServiceProvider))
#21 [internal function]: Illuminate\\Foundation\\Application->Illuminate\\Foundation\\{closure}(Object(Facade\\Ignition\\IgnitionServiceProvider), 20)
#22 C:\\laragon\\www\\ecommerce_full\\vendor\\laravel\\framework\\src\\Illuminate\\Foundation\\Application.php(851): array_walk(Array, Object(Closure))
#23 C:\\laragon\\www\\ecommerce_full\\vendor\\laravel\\framework\\src\\Illuminate\\Foundation\\Bootstrap\\BootProviders.php(17): Illuminate\\Foundation\\Application->boot()
#24 C:\\laragon\\www\\ecommerce_full\\vendor\\laravel\\framework\\src\\Illuminate\\Foundation\\Application.php(230): Illuminate\\Foundation\\Bootstrap\\BootProviders->bootstrap(Object(Illuminate\\Foundation\\Application))
#25 C:\\laragon\\www\\ecommerce_full\\vendor\\laravel\\framework\\src\\Illuminate\\Foundation\\Console\\Kernel.php(310): Illuminate\\Foundation\\Application->bootstrapWith(Array)
#26 C:\\laragon\\www\\ecommerce_full\\vendor\\laravel\\framework\\src\\Illuminate\\Foundation\\Console\\Kernel.php(127): Illuminate\\Foundation\\Console\\Kernel->bootstrap()
#27 C:\\laragon\\www\\ecommerce_full\\artisan(37): Illuminate\\Foundation\\Console\\Kernel->handle(Object(Symfony\\Component\\Console\\Input\\ArgvInput), Object(Symfony\\Component\\Console\\Output\\ConsoleOutput))
#28 {main}
"} 
[2021-12-26 03:29:35] production.ERROR: SQLSTATE[HY000] [1049] Unknown database 'fleet_cart_new' (SQL: select * from `settings` where `key` = default_locale limit 1) {"exception":"[object] (Illuminate\\Database\\QueryException(code: 1049): SQLSTATE[HY000] [1049] Unknown database 'fleet_cart_new' (SQL: select * from `settings` where `key` = default_locale limit 1) at C:\\laragon\\www\\ecommerce_full\\vendor\\laravel\\framework\\src\\Illuminate\\Database\\Connection.php:671)
[stacktrace]
#0 C:\\laragon\\www\\ecommerce_full\\vendor\\laravel\\framework\\src\\Illuminate\\Database\\Connection.php(631): Illuminate\\Database\\Connection->runQueryCallback('select * from `...', Array, Object(Closure))
#1 C:\\laragon\\www\\ecommerce_full\\vendor\\laravel\\framework\\src\\Illuminate\\Database\\Connection.php(339): Illuminate\\Database\\Connection->run('select * from `...', Array, Object(Closure))
#2 C:\\laragon\\www\\ecommerce_full\\vendor\\laravel\\framework\\src\\Illuminate\\Database\\Query\\Builder.php(2202): Illuminate\\Database\\Connection->select('select * from `...', Array, true)
#3 C:\\laragon\\www\\ecommerce_full\\vendor\\laravel\\framework\\src\\Illuminate\\Database\\Query\\Builder.php(2190): Illuminate\\Database\\Query\\Builder->runSelect()
#4 C:\\laragon\\www\\ecommerce_full\\vendor\\laravel\\framework\\src\\Illuminate\\Database\\Query\\Builder.php(2685): Illuminate\\Database\\Query\\Builder->Illuminate\\Database\\Query\\{closure}()
#5 C:\\laragon\\www\\ecommerce_full\\vendor\\laravel\\framework\\src\\Illuminate\\Database\\Query\\Builder.php(2191): Illuminate\\Database\\Query\\Builder->onceWithColumns(Array, Object(Closure))
#6 C:\\laragon\\www\\ecommerce_full\\vendor\\laravel\\framework\\src\\Illuminate\\Database\\Eloquent\\Builder.php(539): Illuminate\\Database\\Query\\Builder->get(Array)
#7 C:\\laragon\\www\\ecommerce_full\\vendor\\laravel\\framework\\src\\Illuminate\\Database\\Eloquent\\Builder.php(523): Illuminate\\Database\\Eloquent\\Builder->getModels(Array)
#8 C:\\laragon\\www\\ecommerce_full\\vendor\\laravel\\framework\\src\\Illuminate\\Database\\Concerns\\BuildsQueries.php(143): Illuminate\\Database\\Eloquent\\Builder->get(Array)
#9 C:\\laragon\\www\\ecommerce_full\\Modules\\Setting\\Entities\\Setting.php(87): Illuminate\\Database\\Eloquent\\Builder->first()
#10 C:\\laragon\\www\\ecommerce_full\\Modules\\Core\\Providers\\CoreServiceProvider.php(114): Modules\\Setting\\Entities\\Setting::get('default_locale')
#11 C:\\laragon\\www\\ecommerce_full\\Modules\\Core\\Providers\\CoreServiceProvider.php(43): Modules\\Core\\Providers\\CoreServiceProvider->setupAppLocale()
#12 [internal function]: Modules\\Core\\Providers\\CoreServiceProvider->boot()
#13 C:\\laragon\\www\\ecommerce_full\\vendor\\laravel\\framework\\src\\Illuminate\\Container\\BoundMethod.php(33): call_user_func_array(Array, Array)
#14 C:\\laragon\\www\\ecommerce_full\\vendor\\laravel\\framework\\src\\Illuminate\\Container\\Util.php(36): Illuminate\\Container\\BoundMethod::Illuminate\\Container\\{closure}()
#15 C:\\laragon\\www\\ecommerce_full\\vendor\\laravel\\framework\\src\\Illuminate\\Container\\BoundMethod.php(91): Illuminate\\Container\\Util::unwrapIfClosure(Object(Closure))
#16 C:\\laragon\\www\\ecommerce_full\\vendor\\laravel\\framework\\src\\Illuminate\\Container\\BoundMethod.php(35): Illuminate\\Container\\BoundMethod::callBoundMethod(Object(Illuminate\\Foundation\\Application), Array, Object(Closure))
#17 C:\\laragon\\www\\ecommerce_full\\vendor\\laravel\\framework\\src\\Illuminate\\Container\\Container.php(592): Illuminate\\Container\\BoundMethod::call(Object(Illuminate\\Foundation\\Application), Array, Array, NULL)
#18 C:\\laragon\\www\\ecommerce_full\\vendor\\laravel\\framework\\src\\Illuminate\\Foundation\\Application.php(867): Illuminate\\Container\\Container->call(Array)
#19 C:\\laragon\\www\\ecommerce_full\\vendor\\laravel\\framework\\src\\Illuminate\\Foundation\\Application.php(850): Illuminate\\Foundation\\Application->bootProvider(Object(Modules\\Core\\Providers\\CoreServiceProvider))
#20 [internal function]: Illuminate\\Foundation\\Application->Illuminate\\Foundation\\{closure}(Object(Modules\\Core\\Providers\\CoreServiceProvider), 44)
#21 C:\\laragon\\www\\ecommerce_full\\vendor\\laravel\\framework\\src\\Illuminate\\Foundation\\Application.php(851): array_walk(Array, Object(Closure))
#22 C:\\laragon\\www\\ecommerce_full\\vendor\\laravel\\framework\\src\\Illuminate\\Foundation\\Bootstrap\\BootProviders.php(17): Illuminate\\Foundation\\Application->boot()
#23 C:\\laragon\\www\\ecommerce_full\\vendor\\laravel\\framework\\src\\Illuminate\\Foundation\\Application.php(230): Illuminate\\Foundation\\Bootstrap\\BootProviders->bootstrap(Object(Illuminate\\Foundation\\Application))
#24 C:\\laragon\\www\\ecommerce_full\\vendor\\laravel\\framework\\src\\Illuminate\\Foundation\\Http\\Kernel.php(151): Illuminate\\Foundation\\Application->bootstrapWith(Array)
#25 C:\\laragon\\www\\ecommerce_full\\vendor\\laravel\\framework\\src\\Illuminate\\Foundation\\Http\\Kernel.php(135): Illuminate\\Foundation\\Http\\Kernel->bootstrap()
#26 C:\\laragon\\www\\ecommerce_full\\vendor\\laravel\\framework\\src\\Illuminate\\Foundation\\Http\\Kernel.php(109): Illuminate\\Foundation\\Http\\Kernel->sendRequestThroughRouter(Object(Illuminate\\Http\\Request))
#27 C:\\laragon\\www\\ecommerce_full\\public\\index.php(55): Illuminate\\Foundation\\Http\\Kernel->handle(Object(Illuminate\\Http\\Request))
#28 {main}

[previous exception] [object] (Doctrine\\DBAL\\Driver\\PDOException(code: 1049): SQLSTATE[HY000] [1049] Unknown database 'fleet_cart_new' at C:\\laragon\\www\\ecommerce_full\\vendor\\doctrine\\dbal\\lib\\Doctrine\\DBAL\\Driver\\PDOConnection.php:31)
[stacktrace]
#0 C:\\laragon\\www\\ecommerce_full\\vendor\\laravel\\framework\\src\\Illuminate\\Database\\Connectors\\Connector.php(67): Doctrine\\DBAL\\Driver\\PDOConnection->__construct('mysql:host=127....', 'root', '', Array)
#1 C:\\laragon\\www\\ecommerce_full\\vendor\\laravel\\framework\\src\\Illuminate\\Database\\Connectors\\Connector.php(46): Illuminate\\Database\\Connectors\\Connector->createPdoConnection('mysql:host=127....', 'root', '', Array)
#2 C:\\laragon\\www\\ecommerce_full\\vendor\\laravel\\framework\\src\\Illuminate\\Database\\Connectors\\MySqlConnector.php(24): Illuminate\\Database\\Connectors\\Connector->createConnection('mysql:host=127....', Array, Array)
#3 C:\\laragon\\www\\ecommerce_full\\vendor\\laravel\\framework\\src\\Illuminate\\Database\\Connectors\\ConnectionFactory.php(184): Illuminate\\Database\\Connectors\\MySqlConnector->connect(Array)
#4 [internal function]: Illuminate\\Database\\Connectors\\ConnectionFactory->Illuminate\\Database\\Connectors\\{closure}()
#5 C:\\laragon\\www\\ecommerce_full\\vendor\\laravel\\framework\\src\\Illuminate\\Database\\Connection.php(926): call_user_func(Object(Closure))
#6 C:\\laragon\\www\\ecommerce_full\\vendor\\laravel\\framework\\src\\Illuminate\\Database\\Connection.php(961): Illuminate\\Database\\Connection->getPdo()
#7 C:\\laragon\\www\\ecommerce_full\\vendor\\laravel\\framework\\src\\Illuminate\\Database\\Connection.php(405): Illuminate\\Database\\Connection->getReadPdo()
#8 C:\\laragon\\www\\ecommerce_full\\vendor\\laravel\\framework\\src\\Illuminate\\Database\\Connection.php(331): Illuminate\\Database\\Connection->getPdoForSelect(true)
#9 C:\\laragon\\www\\ecommerce_full\\vendor\\laravel\\framework\\src\\Illuminate\\Database\\Connection.php(664): Illuminate\\Database\\Connection->Illuminate\\Database\\{closure}('select * from `...', Array)
#10 C:\\laragon\\www\\ecommerce_full\\vendor\\laravel\\framework\\src\\Illuminate\\Database\\Connection.php(631): Illuminate\\Database\\Connection->runQueryCallback('select * from `...', Array, Object(Closure))
#11 C:\\laragon\\www\\ecommerce_full\\vendor\\laravel\\framework\\src\\Illuminate\\Database\\Connection.php(339): Illuminate\\Database\\Connection->run('select * from `...', Array, Object(Closure))
#12 C:\\laragon\\www\\ecommerce_full\\vendor\\laravel\\framework\\src\\Illuminate\\Database\\Query\\Builder.php(2202): Illuminate\\Database\\Connection->select('select * from `...', Array, true)
#13 C:\\laragon\\www\\ecommerce_full\\vendor\\laravel\\framework\\src\\Illuminate\\Database\\Query\\Builder.php(2190): Illuminate\\Database\\Query\\Builder->runSelect()
#14 C:\\laragon\\www\\ecommerce_full\\vendor\\laravel\\framework\\src\\Illuminate\\Database\\Query\\Builder.php(2685): Illuminate\\Database\\Query\\Builder->Illuminate\\Database\\Query\\{closure}()
#15 C:\\laragon\\www\\ecommerce_full\\vendor\\laravel\\framework\\src\\Illuminate\\Database\\Query\\Builder.php(2191): Illuminate\\Database\\Query\\Builder->onceWithColumns(Array, Object(Closure))
#16 C:\\laragon\\www\\ecommerce_full\\vendor\\laravel\\framework\\src\\Illuminate\\Database\\Eloquent\\Builder.php(539): Illuminate\\Database\\Query\\Builder->get(Array)
#17 C:\\laragon\\www\\ecommerce_full\\vendor\\laravel\\framework\\src\\Illuminate\\Database\\Eloquent\\Builder.php(523): Illuminate\\Database\\Eloquent\\Builder->getModels(Array)
#18 C:\\laragon\\www\\ecommerce_full\\vendor\\laravel\\framework\\src\\Illuminate\\Database\\Concerns\\BuildsQueries.php(143): Illuminate\\Database\\Eloquent\\Builder->get(Array)
#19 C:\\laragon\\www\\ecommerce_full\\Modules\\Setting\\Entities\\Setting.php(87): Illuminate\\Database\\Eloquent\\Builder->first()
#20 C:\\laragon\\www\\ecommerce_full\\Modules\\Core\\Providers\\CoreServiceProvider.php(114): Modules\\Setting\\Entities\\Setting::get('default_locale')
#21 C:\\laragon\\www\\ecommerce_full\\Modules\\Core\\Providers\\CoreServiceProvider.php(43): Modules\\Core\\Providers\\CoreServiceProvider->setupAppLocale()
#22 [internal function]: Modules\\Core\\Providers\\CoreServiceProvider->boot()
#23 C:\\laragon\\www\\ecommerce_full\\vendor\\laravel\\framework\\src\\Illuminate\\Container\\BoundMethod.php(33): call_user_func_array(Array, Array)
#24 C:\\laragon\\www\\ecommerce_full\\vendor\\laravel\\framework\\src\\Illuminate\\Container\\Util.php(36): Illuminate\\Container\\BoundMethod::Illuminate\\Container\\{closure}()
#25 C:\\laragon\\www\\ecommerce_full\\vendor\\laravel\\framework\\src\\Illuminate\\Container\\BoundMethod.php(91): Illuminate\\Container\\Util::unwrapIfClosure(Object(Closure))
#26 C:\\laragon\\www\\ecommerce_full\\vendor\\laravel\\framework\\src\\Illuminate\\Container\\BoundMethod.php(35): Illuminate\\Container\\BoundMethod::callBoundMethod(Object(Illuminate\\Foundation\\Application), Array, Object(Closure))
#27 C:\\laragon\\www\\ecommerce_full\\vendor\\laravel\\framework\\src\\Illuminate\\Container\\Container.php(592): Illuminate\\Container\\BoundMethod::call(Object(Illuminate\\Foundation\\Application), Array, Array, NULL)
#28 C:\\laragon\\www\\ecommerce_full\\vendor\\laravel\\framework\\src\\Illuminate\\Foundation\\Application.php(867): Illuminate\\Container\\Container->call(Array)
#29 C:\\laragon\\www\\ecommerce_full\\vendor\\laravel\\framework\\src\\Illuminate\\Foundation\\Application.php(850): Illuminate\\Foundation\\Application->bootProvider(Object(Modules\\Core\\Providers\\CoreServiceProvider))
#30 [internal function]: Illuminate\\Foundation\\Application->Illuminate\\Foundation\\{closure}(Object(Modules\\Core\\Providers\\CoreServiceProvider), 44)
#31 C:\\laragon\\www\\ecommerce_full\\vendor\\laravel\\framework\\src\\Illuminate\\Foundation\\Application.php(851): array_walk(Array, Object(Closure))
#32 C:\\laragon\\www\\ecommerce_full\\vendor\\laravel\\framework\\src\\Illuminate\\Foundation\\Bootstrap\\BootProviders.php(17): Illuminate\\Foundation\\Application->boot()
#33 C:\\laragon\\www\\ecommerce_full\\vendor\\laravel\\framework\\src\\Illuminate\\Foundation\\Application.php(230): Illuminate\\Foundation\\Bootstrap\\BootProviders->bootstrap(Object(Illuminate\\Foundation\\Application))
#34 C:\\laragon\\www\\ecommerce_full\\vendor\\laravel\\framework\\src\\Illuminate\\Foundation\\Http\\Kernel.php(151): Illuminate\\Foundation\\Application->bootstrapWith(Array)
#35 C:\\laragon\\www\\ecommerce_full\\vendor\\laravel\\framework\\src\\Illuminate\\Foundation\\Http\\Kernel.php(135): Illuminate\\Foundation\\Http\\Kernel->bootstrap()
#36 C:\\laragon\\www\\ecommerce_full\\vendor\\laravel\\framework\\src\\Illuminate\\Foundation\\Http\\Kernel.php(109): Illuminate\\Foundation\\Http\\Kernel->sendRequestThroughRouter(Object(Illuminate\\Http\\Request))
#37 C:\\laragon\\www\\ecommerce_full\\public\\index.php(55): Illuminate\\Foundation\\Http\\Kernel->handle(Object(Illuminate\\Http\\Request))
#38 {main}

[previous exception] [object] (PDOException(code: 1049): SQLSTATE[HY000] [1049] Unknown database 'fleet_cart_new' at C:\\laragon\\www\\ecommerce_full\\vendor\\doctrine\\dbal\\lib\\Doctrine\\DBAL\\Driver\\PDOConnection.php:27)
[stacktrace]
#0 C:\\laragon\\www\\ecommerce_full\\vendor\\doctrine\\dbal\\lib\\Doctrine\\DBAL\\Driver\\PDOConnection.php(27): PDO->__construct('mysql:host=127....', 'root', '', Array)
#1 C:\\laragon\\www\\ecommerce_full\\vendor\\laravel\\framework\\src\\Illuminate\\Database\\Connectors\\Connector.php(67): Doctrine\\DBAL\\Driver\\PDOConnection->__construct('mysql:host=127....', 'root', '', Array)
#2 C:\\laragon\\www\\ecommerce_full\\vendor\\laravel\\framework\\src\\Illuminate\\Database\\Connectors\\Connector.php(46): Illuminate\\Database\\Connectors\\Connector->createPdoConnection('mysql:host=127....', 'root', '', Array)
#3 C:\\laragon\\www\\ecommerce_full\\vendor\\laravel\\framework\\src\\Illuminate\\Database\\Connectors\\MySqlConnector.php(24): Illuminate\\Database\\Connectors\\Connector->createConnection('mysql:host=127....', Array, Array)
#4 C:\\laragon\\www\\ecommerce_full\\vendor\\laravel\\framework\\src\\Illuminate\\Database\\Connectors\\ConnectionFactory.php(184): Illuminate\\Database\\Connectors\\MySqlConnector->connect(Array)
#5 [internal function]: Illuminate\\Database\\Connectors\\ConnectionFactory->Illuminate\\Database\\Connectors\\{closure}()
#6 C:\\laragon\\www\\ecommerce_full\\vendor\\laravel\\framework\\src\\Illuminate\\Database\\Connection.php(926): call_user_func(Object(Closure))
#7 C:\\laragon\\www\\ecommerce_full\\vendor\\laravel\\framework\\src\\Illuminate\\Database\\Connection.php(961): Illuminate\\Database\\Connection->getPdo()
#8 C:\\laragon\\www\\ecommerce_full\\vendor\\laravel\\framework\\src\\Illuminate\\Database\\Connection.php(405): Illuminate\\Database\\Connection->getReadPdo()
#9 C:\\laragon\\www\\ecommerce_full\\vendor\\laravel\\framework\\src\\Illuminate\\Database\\Connection.php(331): Illuminate\\Database\\Connection->getPdoForSelect(true)
#10 C:\\laragon\\www\\ecommerce_full\\vendor\\laravel\\framework\\src\\Illuminate\\Database\\Connection.php(664): Illuminate\\Database\\Connection->Illuminate\\Database\\{closure}('select * from `...', Array)
#11 C:\\laragon\\www\\ecommerce_full\\vendor\\laravel\\framework\\src\\Illuminate\\Database\\Connection.php(631): Illuminate\\Database\\Connection->runQueryCallback('select * from `...', Array, Object(Closure))
#12 C:\\laragon\\www\\ecommerce_full\\vendor\\laravel\\framework\\src\\Illuminate\\Database\\Connection.php(339): Illuminate\\Database\\Connection->run('select * from `...', Array, Object(Closure))
#13 C:\\laragon\\www\\ecommerce_full\\vendor\\laravel\\framework\\src\\Illuminate\\Database\\Query\\Builder.php(2202): Illuminate\\Database\\Connection->select('select * from `...', Array, true)
#14 C:\\laragon\\www\\ecommerce_full\\vendor\\laravel\\framework\\src\\Illuminate\\Database\\Query\\Builder.php(2190): Illuminate\\Database\\Query\\Builder->runSelect()
#15 C:\\laragon\\www\\ecommerce_full\\vendor\\laravel\\framework\\src\\Illuminate\\Database\\Query\\Builder.php(2685): Illuminate\\Database\\Query\\Builder->Illuminate\\Database\\Query\\{closure}()
#16 C:\\laragon\\www\\ecommerce_full\\vendor\\laravel\\framework\\src\\Illuminate\\Database\\Query\\Builder.php(2191): Illuminate\\Database\\Query\\Builder->onceWithColumns(Array, Object(Closure))
#17 C:\\laragon\\www\\ecommerce_full\\vendor\\laravel\\framework\\src\\Illuminate\\Database\\Eloquent\\Builder.php(539): Illuminate\\Database\\Query\\Builder->get(Array)
#18 C:\\laragon\\www\\ecommerce_full\\vendor\\laravel\\framework\\src\\Illuminate\\Database\\Eloquent\\Builder.php(523): Illuminate\\Database\\Eloquent\\Builder->getModels(Array)
#19 C:\\laragon\\www\\ecommerce_full\\vendor\\laravel\\framework\\src\\Illuminate\\Database\\Concerns\\BuildsQueries.php(143): Illuminate\\Database\\Eloquent\\Builder->get(Array)
#20 C:\\laragon\\www\\ecommerce_full\\Modules\\Setting\\Entities\\Setting.php(87): Illuminate\\Database\\Eloquent\\Builder->first()
#21 C:\\laragon\\www\\ecommerce_full\\Modules\\Core\\Providers\\CoreServiceProvider.php(114): Modules\\Setting\\Entities\\Setting::get('default_locale')
#22 C:\\laragon\\www\\ecommerce_full\\Modules\\Core\\Providers\\CoreServiceProvider.php(43): Modules\\Core\\Providers\\CoreServiceProvider->setupAppLocale()
#23 [internal function]: Modules\\Core\\Providers\\CoreServiceProvider->boot()
#24 C:\\laragon\\www\\ecommerce_full\\vendor\\laravel\\framework\\src\\Illuminate\\Container\\BoundMethod.php(33): call_user_func_array(Array, Array)
#25 C:\\laragon\\www\\ecommerce_full\\vendor\\laravel\\framework\\src\\Illuminate\\Container\\Util.php(36): Illuminate\\Container\\BoundMethod::Illuminate\\Container\\{closure}()
#26 C:\\laragon\\www\\ecommerce_full\\vendor\\laravel\\framework\\src\\Illuminate\\Container\\BoundMethod.php(91): Illuminate\\Container\\Util::unwrapIfClosure(Object(Closure))
#27 C:\\laragon\\www\\ecommerce_full\\vendor\\laravel\\framework\\src\\Illuminate\\Container\\BoundMethod.php(35): Illuminate\\Container\\BoundMethod::callBoundMethod(Object(Illuminate\\Foundation\\Application), Array, Object(Closure))
#28 C:\\laragon\\www\\ecommerce_full\\vendor\\laravel\\framework\\src\\Illuminate\\Container\\Container.php(592): Illuminate\\Container\\BoundMethod::call(Object(Illuminate\\Foundation\\Application), Array, Array, NULL)
#29 C:\\laragon\\www\\ecommerce_full\\vendor\\laravel\\framework\\src\\Illuminate\\Foundation\\Application.php(867): Illuminate\\Container\\Container->call(Array)
#30 C:\\laragon\\www\\ecommerce_full\\vendor\\laravel\\framework\\src\\Illuminate\\Foundation\\Application.php(850): Illuminate\\Foundation\\Application->bootProvider(Object(Modules\\Core\\Providers\\CoreServiceProvider))
#31 [internal function]: Illuminate\\Foundation\\Application->Illuminate\\Foundation\\{closure}(Object(Modules\\Core\\Providers\\CoreServiceProvider), 44)
#32 C:\\laragon\\www\\ecommerce_full\\vendor\\laravel\\framework\\src\\Illuminate\\Foundation\\Application.php(851): array_walk(Array, Object(Closure))
#33 C:\\laragon\\www\\ecommerce_full\\vendor\\laravel\\framework\\src\\Illuminate\\Foundation\\Bootstrap\\BootProviders.php(17): Illuminate\\Foundation\\Application->boot()
#34 C:\\laragon\\www\\ecommerce_full\\vendor\\laravel\\framework\\src\\Illuminate\\Foundation\\Application.php(230): Illuminate\\Foundation\\Bootstrap\\BootProviders->bootstrap(Object(Illuminate\\Foundation\\Application))
#35 C:\\laragon\\www\\ecommerce_full\\vendor\\laravel\\framework\\src\\Illuminate\\Foundation\\Http\\Kernel.php(151): Illuminate\\Foundation\\Application->bootstrapWith(Array)
#36 C:\\laragon\\www\\ecommerce_full\\vendor\\laravel\\framework\\src\\Illuminate\\Foundation\\Http\\Kernel.php(135): Illuminate\\Foundation\\Http\\Kernel->bootstrap()
#37 C:\\laragon\\www\\ecommerce_full\\vendor\\laravel\\framework\\src\\Illuminate\\Foundation\\Http\\Kernel.php(109): Illuminate\\Foundation\\Http\\Kernel->sendRequestThroughRouter(Object(Illuminate\\Http\\Request))
#38 C:\\laragon\\www\\ecommerce_full\\public\\index.php(55): Illuminate\\Foundation\\Http\\Kernel->handle(Object(Illuminate\\Http\\Request))
#39 {main}
"} 
[2021-12-26 03:29:35] production.ERROR: SQLSTATE[HY000] [1049] Unknown database 'fleet_cart_new' (SQL: select * from `settings` where `key` = default_locale limit 1) {"exception":"[object] (Illuminate\\Database\\QueryException(code: 1049): SQLSTATE[HY000] [1049] Unknown database 'fleet_cart_new' (SQL: select * from `settings` where `key` = default_locale limit 1) at C:\\laragon\\www\\ecommerce_full\\vendor\\laravel\\framework\\src\\Illuminate\\Database\\Connection.php:671)
[stacktrace]
#0 C:\\laragon\\www\\ecommerce_full\\vendor\\laravel\\framework\\src\\Illuminate\\Database\\Connection.php(631): Illuminate\\Database\\Connection->runQueryCallback('select * from `...', Array, Object(Closure))
#1 C:\\laragon\\www\\ecommerce_full\\vendor\\laravel\\framework\\src\\Illuminate\\Database\\Connection.php(339): Illuminate\\Database\\Connection->run('select * from `...', Array, Object(Closure))
#2 C:\\laragon\\www\\ecommerce_full\\vendor\\laravel\\framework\\src\\Illuminate\\Database\\Query\\Builder.php(2202): Illuminate\\Database\\Connection->select('select * from `...', Array, true)
#3 C:\\laragon\\www\\ecommerce_full\\vendor\\laravel\\framework\\src\\Illuminate\\Database\\Query\\Builder.php(2190): Illuminate\\Database\\Query\\Builder->runSelect()
#4 C:\\laragon\\www\\ecommerce_full\\vendor\\laravel\\framework\\src\\Illuminate\\Database\\Query\\Builder.php(2685): Illuminate\\Database\\Query\\Builder->Illuminate\\Database\\Query\\{closure}()
#5 C:\\laragon\\www\\ecommerce_full\\vendor\\laravel\\framework\\src\\Illuminate\\Database\\Query\\Builder.php(2191): Illuminate\\Database\\Query\\Builder->onceWithColumns(Array, Object(Closure))
#6 C:\\laragon\\www\\ecommerce_full\\vendor\\laravel\\framework\\src\\Illuminate\\Database\\Eloquent\\Builder.php(539): Illuminate\\Database\\Query\\Builder->get(Array)
#7 C:\\laragon\\www\\ecommerce_full\\vendor\\laravel\\framework\\src\\Illuminate\\Database\\Eloquent\\Builder.php(523): Illuminate\\Database\\Eloquent\\Builder->getModels(Array)
#8 C:\\laragon\\www\\ecommerce_full\\vendor\\laravel\\framework\\src\\Illuminate\\Database\\Concerns\\BuildsQueries.php(143): Illuminate\\Database\\Eloquent\\Builder->get(Array)
#9 C:\\laragon\\www\\ecommerce_full\\Modules\\Setting\\Entities\\Setting.php(87): Illuminate\\Database\\Eloquent\\Builder->first()
#10 C:\\laragon\\www\\ecommerce_full\\Modules\\Core\\Providers\\CoreServiceProvider.php(114): Modules\\Setting\\Entities\\Setting::get('default_locale')
#11 C:\\laragon\\www\\ecommerce_full\\Modules\\Core\\Providers\\CoreServiceProvider.php(43): Modules\\Core\\Providers\\CoreServiceProvider->setupAppLocale()
#12 [internal function]: Modules\\Core\\Providers\\CoreServiceProvider->boot()
#13 C:\\laragon\\www\\ecommerce_full\\vendor\\laravel\\framework\\src\\Illuminate\\Container\\BoundMethod.php(33): call_user_func_array(Array, Array)
#14 C:\\laragon\\www\\ecommerce_full\\vendor\\laravel\\framework\\src\\Illuminate\\Container\\Util.php(36): Illuminate\\Container\\BoundMethod::Illuminate\\Container\\{closure}()
#15 C:\\laragon\\www\\ecommerce_full\\vendor\\laravel\\framework\\src\\Illuminate\\Container\\BoundMethod.php(91): Illuminate\\Container\\Util::unwrapIfClosure(Object(Closure))
#16 C:\\laragon\\www\\ecommerce_full\\vendor\\laravel\\framework\\src\\Illuminate\\Container\\BoundMethod.php(35): Illuminate\\Container\\BoundMethod::callBoundMethod(Object(Illuminate\\Foundation\\Application), Array, Object(Closure))
#17 C:\\laragon\\www\\ecommerce_full\\vendor\\laravel\\framework\\src\\Illuminate\\Container\\Container.php(592): Illuminate\\Container\\BoundMethod::call(Object(Illuminate\\Foundation\\Application), Array, Array, NULL)
#18 C:\\laragon\\www\\ecommerce_full\\vendor\\laravel\\framework\\src\\Illuminate\\Foundation\\Application.php(867): Illuminate\\Container\\Container->call(Array)
#19 C:\\laragon\\www\\ecommerce_full\\vendor\\laravel\\framework\\src\\Illuminate\\Foundation\\Application.php(850): Illuminate\\Foundation\\Application->bootProvider(Object(Modules\\Core\\Providers\\CoreServiceProvider))
#20 [internal function]: Illuminate\\Foundation\\Application->Illuminate\\Foundation\\{closure}(Object(Modules\\Core\\Providers\\CoreServiceProvider), 44)
#21 C:\\laragon\\www\\ecommerce_full\\vendor\\laravel\\framework\\src\\Illuminate\\Foundation\\Application.php(851): array_walk(Array, Object(Closure))
#22 C:\\laragon\\www\\ecommerce_full\\vendor\\laravel\\framework\\src\\Illuminate\\Foundation\\Bootstrap\\BootProviders.php(17): Illuminate\\Foundation\\Application->boot()
#23 C:\\laragon\\www\\ecommerce_full\\vendor\\laravel\\framework\\src\\Illuminate\\Foundation\\Application.php(230): Illuminate\\Foundation\\Bootstrap\\BootProviders->bootstrap(Object(Illuminate\\Foundation\\Application))
#24 C:\\laragon\\www\\ecommerce_full\\vendor\\laravel\\framework\\src\\Illuminate\\Foundation\\Http\\Kernel.php(151): Illuminate\\Foundation\\Application->bootstrapWith(Array)
#25 C:\\laragon\\www\\ecommerce_full\\vendor\\laravel\\framework\\src\\Illuminate\\Foundation\\Http\\Kernel.php(135): Illuminate\\Foundation\\Http\\Kernel->bootstrap()
#26 C:\\laragon\\www\\ecommerce_full\\vendor\\laravel\\framework\\src\\Illuminate\\Foundation\\Http\\Kernel.php(109): Illuminate\\Foundation\\Http\\Kernel->sendRequestThroughRouter(Object(Illuminate\\Http\\Request))
#27 C:\\laragon\\www\\ecommerce_full\\public\\index.php(55): Illuminate\\Foundation\\Http\\Kernel->handle(Object(Illuminate\\Http\\Request))
#28 {main}

[previous exception] [object] (Doctrine\\DBAL\\Driver\\PDOException(code: 1049): SQLSTATE[HY000] [1049] Unknown database 'fleet_cart_new' at C:\\laragon\\www\\ecommerce_full\\vendor\\doctrine\\dbal\\lib\\Doctrine\\DBAL\\Driver\\PDOConnection.php:31)
[stacktrace]
#0 C:\\laragon\\www\\ecommerce_full\\vendor\\laravel\\framework\\src\\Illuminate\\Database\\Connectors\\Connector.php(67): Doctrine\\DBAL\\Driver\\PDOConnection->__construct('mysql:host=127....', 'root', '', Array)
#1 C:\\laragon\\www\\ecommerce_full\\vendor\\laravel\\framework\\src\\Illuminate\\Database\\Connectors\\Connector.php(46): Illuminate\\Database\\Connectors\\Connector->createPdoConnection('mysql:host=127....', 'root', '', Array)
#2 C:\\laragon\\www\\ecommerce_full\\vendor\\laravel\\framework\\src\\Illuminate\\Database\\Connectors\\MySqlConnector.php(24): Illuminate\\Database\\Connectors\\Connector->createConnection('mysql:host=127....', Array, Array)
#3 C:\\laragon\\www\\ecommerce_full\\vendor\\laravel\\framework\\src\\Illuminate\\Database\\Connectors\\ConnectionFactory.php(184): Illuminate\\Database\\Connectors\\MySqlConnector->connect(Array)
#4 [internal function]: Illuminate\\Database\\Connectors\\ConnectionFactory->Illuminate\\Database\\Connectors\\{closure}()
#5 C:\\laragon\\www\\ecommerce_full\\vendor\\laravel\\framework\\src\\Illuminate\\Database\\Connection.php(926): call_user_func(Object(Closure))
#6 C:\\laragon\\www\\ecommerce_full\\vendor\\laravel\\framework\\src\\Illuminate\\Database\\Connection.php(961): Illuminate\\Database\\Connection->getPdo()
#7 C:\\laragon\\www\\ecommerce_full\\vendor\\laravel\\framework\\src\\Illuminate\\Database\\Connection.php(405): Illuminate\\Database\\Connection->getReadPdo()
#8 C:\\laragon\\www\\ecommerce_full\\vendor\\laravel\\framework\\src\\Illuminate\\Database\\Connection.php(331): Illuminate\\Database\\Connection->getPdoForSelect(true)
#9 C:\\laragon\\www\\ecommerce_full\\vendor\\laravel\\framework\\src\\Illuminate\\Database\\Connection.php(664): Illuminate\\Database\\Connection->Illuminate\\Database\\{closure}('select * from `...', Array)
#10 C:\\laragon\\www\\ecommerce_full\\vendor\\laravel\\framework\\src\\Illuminate\\Database\\Connection.php(631): Illuminate\\Database\\Connection->runQueryCallback('select * from `...', Array, Object(Closure))
#11 C:\\laragon\\www\\ecommerce_full\\vendor\\laravel\\framework\\src\\Illuminate\\Database\\Connection.php(339): Illuminate\\Database\\Connection->run('select * from `...', Array, Object(Closure))
#12 C:\\laragon\\www\\ecommerce_full\\vendor\\laravel\\framework\\src\\Illuminate\\Database\\Query\\Builder.php(2202): Illuminate\\Database\\Connection->select('select * from `...', Array, true)
#13 C:\\laragon\\www\\ecommerce_full\\vendor\\laravel\\framework\\src\\Illuminate\\Database\\Query\\Builder.php(2190): Illuminate\\Database\\Query\\Builder->runSelect()
#14 C:\\laragon\\www\\ecommerce_full\\vendor\\laravel\\framework\\src\\Illuminate\\Database\\Query\\Builder.php(2685): Illuminate\\Database\\Query\\Builder->Illuminate\\Database\\Query\\{closure}()
#15 C:\\laragon\\www\\ecommerce_full\\vendor\\laravel\\framework\\src\\Illuminate\\Database\\Query\\Builder.php(2191): Illuminate\\Database\\Query\\Builder->onceWithColumns(Array, Object(Closure))
#16 C:\\laragon\\www\\ecommerce_full\\vendor\\laravel\\framework\\src\\Illuminate\\Database\\Eloquent\\Builder.php(539): Illuminate\\Database\\Query\\Builder->get(Array)
#17 C:\\laragon\\www\\ecommerce_full\\vendor\\laravel\\framework\\src\\Illuminate\\Database\\Eloquent\\Builder.php(523): Illuminate\\Database\\Eloquent\\Builder->getModels(Array)
#18 C:\\laragon\\www\\ecommerce_full\\vendor\\laravel\\framework\\src\\Illuminate\\Database\\Concerns\\BuildsQueries.php(143): Illuminate\\Database\\Eloquent\\Builder->get(Array)
#19 C:\\laragon\\www\\ecommerce_full\\Modules\\Setting\\Entities\\Setting.php(87): Illuminate\\Database\\Eloquent\\Builder->first()
#20 C:\\laragon\\www\\ecommerce_full\\Modules\\Core\\Providers\\CoreServiceProvider.php(114): Modules\\Setting\\Entities\\Setting::get('default_locale')
#21 C:\\laragon\\www\\ecommerce_full\\Modules\\Core\\Providers\\CoreServiceProvider.php(43): Modules\\Core\\Providers\\CoreServiceProvider->setupAppLocale()
#22 [internal function]: Modules\\Core\\Providers\\CoreServiceProvider->boot()
#23 C:\\laragon\\www\\ecommerce_full\\vendor\\laravel\\framework\\src\\Illuminate\\Container\\BoundMethod.php(33): call_user_func_array(Array, Array)
#24 C:\\laragon\\www\\ecommerce_full\\vendor\\laravel\\framework\\src\\Illuminate\\Container\\Util.php(36): Illuminate\\Container\\BoundMethod::Illuminate\\Container\\{closure}()
#25 C:\\laragon\\www\\ecommerce_full\\vendor\\laravel\\framework\\src\\Illuminate\\Container\\BoundMethod.php(91): Illuminate\\Container\\Util::unwrapIfClosure(Object(Closure))
#26 C:\\laragon\\www\\ecommerce_full\\vendor\\laravel\\framework\\src\\Illuminate\\Container\\BoundMethod.php(35): Illuminate\\Container\\BoundMethod::callBoundMethod(Object(Illuminate\\Foundation\\Application), Array, Object(Closure))
#27 C:\\laragon\\www\\ecommerce_full\\vendor\\laravel\\framework\\src\\Illuminate\\Container\\Container.php(592): Illuminate\\Container\\BoundMethod::call(Object(Illuminate\\Foundation\\Application), Array, Array, NULL)
#28 C:\\laragon\\www\\ecommerce_full\\vendor\\laravel\\framework\\src\\Illuminate\\Foundation\\Application.php(867): Illuminate\\Container\\Container->call(Array)
#29 C:\\laragon\\www\\ecommerce_full\\vendor\\laravel\\framework\\src\\Illuminate\\Foundation\\Application.php(850): Illuminate\\Foundation\\Application->bootProvider(Object(Modules\\Core\\Providers\\CoreServiceProvider))
#30 [internal function]: Illuminate\\Foundation\\Application->Illuminate\\Foundation\\{closure}(Object(Modules\\Core\\Providers\\CoreServiceProvider), 44)
#31 C:\\laragon\\www\\ecommerce_full\\vendor\\laravel\\framework\\src\\Illuminate\\Foundation\\Application.php(851): array_walk(Array, Object(Closure))
#32 C:\\laragon\\www\\ecommerce_full\\vendor\\laravel\\framework\\src\\Illuminate\\Foundation\\Bootstrap\\BootProviders.php(17): Illuminate\\Foundation\\Application->boot()
#33 C:\\laragon\\www\\ecommerce_full\\vendor\\laravel\\framework\\src\\Illuminate\\Foundation\\Application.php(230): Illuminate\\Foundation\\Bootstrap\\BootProviders->bootstrap(Object(Illuminate\\Foundation\\Application))
#34 C:\\laragon\\www\\ecommerce_full\\vendor\\laravel\\framework\\src\\Illuminate\\Foundation\\Http\\Kernel.php(151): Illuminate\\Foundation\\Application->bootstrapWith(Array)
#35 C:\\laragon\\www\\ecommerce_full\\vendor\\laravel\\framework\\src\\Illuminate\\Foundation\\Http\\Kernel.php(135): Illuminate\\Foundation\\Http\\Kernel->bootstrap()
#36 C:\\laragon\\www\\ecommerce_full\\vendor\\laravel\\framework\\src\\Illuminate\\Foundation\\Http\\Kernel.php(109): Illuminate\\Foundation\\Http\\Kernel->sendRequestThroughRouter(Object(Illuminate\\Http\\Request))
#37 C:\\laragon\\www\\ecommerce_full\\public\\index.php(55): Illuminate\\Foundation\\Http\\Kernel->handle(Object(Illuminate\\Http\\Request))
#38 {main}

[previous exception] [object] (PDOException(code: 1049): SQLSTATE[HY000] [1049] Unknown database 'fleet_cart_new' at C:\\laragon\\www\\ecommerce_full\\vendor\\doctrine\\dbal\\lib\\Doctrine\\DBAL\\Driver\\PDOConnection.php:27)
[stacktrace]
#0 C:\\laragon\\www\\ecommerce_full\\vendor\\doctrine\\dbal\\lib\\Doctrine\\DBAL\\Driver\\PDOConnection.php(27): PDO->__construct('mysql:host=127....', 'root', '', Array)
#1 C:\\laragon\\www\\ecommerce_full\\vendor\\laravel\\framework\\src\\Illuminate\\Database\\Connectors\\Connector.php(67): Doctrine\\DBAL\\Driver\\PDOConnection->__construct('mysql:host=127....', 'root', '', Array)
#2 C:\\laragon\\www\\ecommerce_full\\vendor\\laravel\\framework\\src\\Illuminate\\Database\\Connectors\\Connector.php(46): Illuminate\\Database\\Connectors\\Connector->createPdoConnection('mysql:host=127....', 'root', '', Array)
#3 C:\\laragon\\www\\ecommerce_full\\vendor\\laravel\\framework\\src\\Illuminate\\Database\\Connectors\\MySqlConnector.php(24): Illuminate\\Database\\Connectors\\Connector->createConnection('mysql:host=127....', Array, Array)
#4 C:\\laragon\\www\\ecommerce_full\\vendor\\laravel\\framework\\src\\Illuminate\\Database\\Connectors\\ConnectionFactory.php(184): Illuminate\\Database\\Connectors\\MySqlConnector->connect(Array)
#5 [internal function]: Illuminate\\Database\\Connectors\\ConnectionFactory->Illuminate\\Database\\Connectors\\{closure}()
#6 C:\\laragon\\www\\ecommerce_full\\vendor\\laravel\\framework\\src\\Illuminate\\Database\\Connection.php(926): call_user_func(Object(Closure))
#7 C:\\laragon\\www\\ecommerce_full\\vendor\\laravel\\framework\\src\\Illuminate\\Database\\Connection.php(961): Illuminate\\Database\\Connection->getPdo()
#8 C:\\laragon\\www\\ecommerce_full\\vendor\\laravel\\framework\\src\\Illuminate\\Database\\Connection.php(405): Illuminate\\Database\\Connection->getReadPdo()
#9 C:\\laragon\\www\\ecommerce_full\\vendor\\laravel\\framework\\src\\Illuminate\\Database\\Connection.php(331): Illuminate\\Database\\Connection->getPdoForSelect(true)
#10 C:\\laragon\\www\\ecommerce_full\\vendor\\laravel\\framework\\src\\Illuminate\\Database\\Connection.php(664): Illuminate\\Database\\Connection->Illuminate\\Database\\{closure}('select * from `...', Array)
#11 C:\\laragon\\www\\ecommerce_full\\vendor\\laravel\\framework\\src\\Illuminate\\Database\\Connection.php(631): Illuminate\\Database\\Connection->runQueryCallback('select * from `...', Array, Object(Closure))
#12 C:\\laragon\\www\\ecommerce_full\\vendor\\laravel\\framework\\src\\Illuminate\\Database\\Connection.php(339): Illuminate\\Database\\Connection->run('select * from `...', Array, Object(Closure))
#13 C:\\laragon\\www\\ecommerce_full\\vendor\\laravel\\framework\\src\\Illuminate\\Database\\Query\\Builder.php(2202): Illuminate\\Database\\Connection->select('select * from `...', Array, true)
#14 C:\\laragon\\www\\ecommerce_full\\vendor\\laravel\\framework\\src\\Illuminate\\Database\\Query\\Builder.php(2190): Illuminate\\Database\\Query\\Builder->runSelect()
#15 C:\\laragon\\www\\ecommerce_full\\vendor\\laravel\\framework\\src\\Illuminate\\Database\\Query\\Builder.php(2685): Illuminate\\Database\\Query\\Builder->Illuminate\\Database\\Query\\{closure}()
#16 C:\\laragon\\www\\ecommerce_full\\vendor\\laravel\\framework\\src\\Illuminate\\Database\\Query\\Builder.php(2191): Illuminate\\Database\\Query\\Builder->onceWithColumns(Array, Object(Closure))
#17 C:\\laragon\\www\\ecommerce_full\\vendor\\laravel\\framework\\src\\Illuminate\\Database\\Eloquent\\Builder.php(539): Illuminate\\Database\\Query\\Builder->get(Array)
#18 C:\\laragon\\www\\ecommerce_full\\vendor\\laravel\\framework\\src\\Illuminate\\Database\\Eloquent\\Builder.php(523): Illuminate\\Database\\Eloquent\\Builder->getModels(Array)
#19 C:\\laragon\\www\\ecommerce_full\\vendor\\laravel\\framework\\src\\Illuminate\\Database\\Concerns\\BuildsQueries.php(143): Illuminate\\Database\\Eloquent\\Builder->get(Array)
#20 C:\\laragon\\www\\ecommerce_full\\Modules\\Setting\\Entities\\Setting.php(87): Illuminate\\Database\\Eloquent\\Builder->first()
#21 C:\\laragon\\www\\ecommerce_full\\Modules\\Core\\Providers\\CoreServiceProvider.php(114): Modules\\Setting\\Entities\\Setting::get('default_locale')
#22 C:\\laragon\\www\\ecommerce_full\\Modules\\Core\\Providers\\CoreServiceProvider.php(43): Modules\\Core\\Providers\\CoreServiceProvider->setupAppLocale()
#23 [internal function]: Modules\\Core\\Providers\\CoreServiceProvider->boot()
#24 C:\\laragon\\www\\ecommerce_full\\vendor\\laravel\\framework\\src\\Illuminate\\Container\\BoundMethod.php(33): call_user_func_array(Array, Array)
#25 C:\\laragon\\www\\ecommerce_full\\vendor\\laravel\\framework\\src\\Illuminate\\Container\\Util.php(36): Illuminate\\Container\\BoundMethod::Illuminate\\Container\\{closure}()
#26 C:\\laragon\\www\\ecommerce_full\\vendor\\laravel\\framework\\src\\Illuminate\\Container\\BoundMethod.php(91): Illuminate\\Container\\Util::unwrapIfClosure(Object(Closure))
#27 C:\\laragon\\www\\ecommerce_full\\vendor\\laravel\\framework\\src\\Illuminate\\Container\\BoundMethod.php(35): Illuminate\\Container\\BoundMethod::callBoundMethod(Object(Illuminate\\Foundation\\Application), Array, Object(Closure))
#28 C:\\laragon\\www\\ecommerce_full\\vendor\\laravel\\framework\\src\\Illuminate\\Container\\Container.php(592): Illuminate\\Container\\BoundMethod::call(Object(Illuminate\\Foundation\\Application), Array, Array, NULL)
#29 C:\\laragon\\www\\ecommerce_full\\vendor\\laravel\\framework\\src\\Illuminate\\Foundation\\Application.php(867): Illuminate\\Container\\Container->call(Array)
#30 C:\\laragon\\www\\ecommerce_full\\vendor\\laravel\\framework\\src\\Illuminate\\Foundation\\Application.php(850): Illuminate\\Foundation\\Application->bootProvider(Object(Modules\\Core\\Providers\\CoreServiceProvider))
#31 [internal function]: Illuminate\\Foundation\\Application->Illuminate\\Foundation\\{closure}(Object(Modules\\Core\\Providers\\CoreServiceProvider), 44)
#32 C:\\laragon\\www\\ecommerce_full\\vendor\\laravel\\framework\\src\\Illuminate\\Foundation\\Application.php(851): array_walk(Array, Object(Closure))
#33 C:\\laragon\\www\\ecommerce_full\\vendor\\laravel\\framework\\src\\Illuminate\\Foundation\\Bootstrap\\BootProviders.php(17): Illuminate\\Foundation\\Application->boot()
#34 C:\\laragon\\www\\ecommerce_full\\vendor\\laravel\\framework\\src\\Illuminate\\Foundation\\Application.php(230): Illuminate\\Foundation\\Bootstrap\\BootProviders->bootstrap(Object(Illuminate\\Foundation\\Application))
#35 C:\\laragon\\www\\ecommerce_full\\vendor\\laravel\\framework\\src\\Illuminate\\Foundation\\Http\\Kernel.php(151): Illuminate\\Foundation\\Application->bootstrapWith(Array)
#36 C:\\laragon\\www\\ecommerce_full\\vendor\\laravel\\framework\\src\\Illuminate\\Foundation\\Http\\Kernel.php(135): Illuminate\\Foundation\\Http\\Kernel->bootstrap()
#37 C:\\laragon\\www\\ecommerce_full\\vendor\\laravel\\framework\\src\\Illuminate\\Foundation\\Http\\Kernel.php(109): Illuminate\\Foundation\\Http\\Kernel->sendRequestThroughRouter(Object(Illuminate\\Http\\Request))
#38 C:\\laragon\\www\\ecommerce_full\\public\\index.php(55): Illuminate\\Foundation\\Http\\Kernel->handle(Object(Illuminate\\Http\\Request))
#39 {main}
"} 
